

Microchip MPLAB XC8 Assembler V2.35 build 20211206165544 
                                                                                               Wed May 18 16:01:58 2022

Microchip MPLAB XC8 C Compiler v2.35 (Free license) build 20211206165544 Og1 
     1                           	processor	16F887
     2                           	pagewidth 120
     3                           	opt	flic
     4                           	psect	cinit,global,class=CODE,merge=1,delta=2
     5                           	psect	bssCOMMON,global,class=COMMON,space=1,delta=1,noexec
     6                           	psect	cstackCOMMON,global,class=COMMON,space=1,delta=1,noexec
     7                           	psect	cstackBANK0,global,class=BANK0,space=1,delta=1,noexec
     8                           	psect	maintext,global,class=CODE,split=1,delta=2
     9                           	psect	text1,local,class=CODE,merge=1,delta=2
    10                           	psect	text2,local,class=CODE,merge=1,delta=2
    11                           	psect	text3,local,class=CODE,merge=1,delta=2
    12                           	psect	intentry,global,class=CODE,delta=2
    13                           	psect	text4,local,class=CODE,merge=1,delta=2
    14                           	psect	idloc,global,abs,ovrld,class=IDLOC,space=5,delta=2,noexec
    15                           	psect	config,global,abs,ovrld,class=CONFIG,space=4,delta=2,noexec
    16                           	dabs	1,0x7E,2
    17  0000                     
    18                           ; Version 2.40
    19                           ; Generated 17/11/2021 GMT
    20                           ; 
    21                           ; Copyright © 2021, Microchip Technology Inc. and its subsidiaries ("Microchip")
    22                           ; All rights reserved.
    23                           ; 
    24                           ; This software is developed by Microchip Technology Inc. and its subsidiaries ("Microch
      +                          ip").
    25                           ; 
    26                           ; Redistribution and use in source and binary forms, with or without modification, are
    27                           ; permitted provided that the following conditions are met:
    28                           ; 
    29                           ;     1. Redistributions of source code must retain the above copyright notice, this lis
      +                          t of
    30                           ;        conditions and the following disclaimer.
    31                           ; 
    32                           ;     2. Redistributions in binary form must reproduce the above copyright notice, this 
      +                          list
    33                           ;        of conditions and the following disclaimer in the documentation and/or other
    34                           ;        materials provided with the distribution. Publication is not required when
    35                           ;        this file is used in an embedded application.
    36                           ; 
    37                           ;     3. Microchip's name may not be used to endorse or promote products derived from th
      +                          is
    38                           ;        software without specific prior written permission.
    39                           ; 
    40                           ; THIS SOFTWARE IS PROVIDED BY MICROCHIP "AS IS" AND ANY EXPRESS OR IMPLIED WARRANTIES,
    41                           ; INCLUDING, BUT NOT LIMITED TO, THE IMPLIED WARRANTIES OF MERCHANTABILITY AND FITNESS F
      +                          OR
    42                           ; PURPOSE ARE DISCLAIMED.  IN NO EVENT SHALL MICROCHIP BE LIABLE FOR ANY DIRECT, INDIREC
      +                          T,
    43                           ; INCIDENTAL, SPECIAL, EXEMPLARY, OR CONSEQUENTIAL DAMAGES (INCLUDING BUT NOT LIMITED TO
    44                           ; PROCUREMENT OF SUBSTITUTE GOODS OR SERVICES; LOSS OF USE, DATA OR PROFITS; OR BUSINESS
    45                           ; INTERRUPTION) HOWSOEVER CAUSED AND ON ANY THEORY OF LIABILITY, WHETHER IN CONTRACT, ST
      +                          RICT
    46                           ; LIABILITY, OR TORT (INCLUDING NEGLIGENCE OR OTHERWISE) ARISING IN ANY WAY OUT OF THE U
      +                          SE OF
    47                           ; THIS SOFTWARE, EVEN IF ADVISED OF THE POSSIBILITY OF SUCH DAMAGE.
    48                           ; 
    49                           ; 
    50                           ; Code-generator required, PIC16F887 Definitions
    51                           ; 
    52                           ; SFR Addresses
    53  0000                     	;# 
    54  0001                     	;# 
    55  0002                     	;# 
    56  0003                     	;# 
    57  0004                     	;# 
    58  0005                     	;# 
    59  0006                     	;# 
    60  0007                     	;# 
    61  0008                     	;# 
    62  0009                     	;# 
    63  000A                     	;# 
    64  000B                     	;# 
    65  000C                     	;# 
    66  000D                     	;# 
    67  000E                     	;# 
    68  000E                     	;# 
    69  000F                     	;# 
    70  0010                     	;# 
    71  0011                     	;# 
    72  0012                     	;# 
    73  0013                     	;# 
    74  0014                     	;# 
    75  0015                     	;# 
    76  0015                     	;# 
    77  0016                     	;# 
    78  0017                     	;# 
    79  0018                     	;# 
    80  0019                     	;# 
    81  001A                     	;# 
    82  001B                     	;# 
    83  001B                     	;# 
    84  001C                     	;# 
    85  001D                     	;# 
    86  001E                     	;# 
    87  001F                     	;# 
    88  0081                     	;# 
    89  0085                     	;# 
    90  0086                     	;# 
    91  0087                     	;# 
    92  0088                     	;# 
    93  0089                     	;# 
    94  008C                     	;# 
    95  008D                     	;# 
    96  008E                     	;# 
    97  008F                     	;# 
    98  0090                     	;# 
    99  0091                     	;# 
   100  0092                     	;# 
   101  0093                     	;# 
   102  0093                     	;# 
   103  0093                     	;# 
   104  0094                     	;# 
   105  0095                     	;# 
   106  0096                     	;# 
   107  0097                     	;# 
   108  0098                     	;# 
   109  0099                     	;# 
   110  009A                     	;# 
   111  009B                     	;# 
   112  009C                     	;# 
   113  009D                     	;# 
   114  009E                     	;# 
   115  009F                     	;# 
   116  0105                     	;# 
   117  0107                     	;# 
   118  0108                     	;# 
   119  0109                     	;# 
   120  010C                     	;# 
   121  010C                     	;# 
   122  010D                     	;# 
   123  010E                     	;# 
   124  010F                     	;# 
   125  0185                     	;# 
   126  0187                     	;# 
   127  0188                     	;# 
   128  0189                     	;# 
   129  018C                     	;# 
   130  018D                     	;# 
   131  0000                     	;# 
   132  0001                     	;# 
   133  0002                     	;# 
   134  0003                     	;# 
   135  0004                     	;# 
   136  0005                     	;# 
   137  0006                     	;# 
   138  0007                     	;# 
   139  0008                     	;# 
   140  0009                     	;# 
   141  000A                     	;# 
   142  000B                     	;# 
   143  000C                     	;# 
   144  000D                     	;# 
   145  000E                     	;# 
   146  000E                     	;# 
   147  000F                     	;# 
   148  0010                     	;# 
   149  0011                     	;# 
   150  0012                     	;# 
   151  0013                     	;# 
   152  0014                     	;# 
   153  0015                     	;# 
   154  0015                     	;# 
   155  0016                     	;# 
   156  0017                     	;# 
   157  0018                     	;# 
   158  0019                     	;# 
   159  001A                     	;# 
   160  001B                     	;# 
   161  001B                     	;# 
   162  001C                     	;# 
   163  001D                     	;# 
   164  001E                     	;# 
   165  001F                     	;# 
   166  0081                     	;# 
   167  0085                     	;# 
   168  0086                     	;# 
   169  0087                     	;# 
   170  0088                     	;# 
   171  0089                     	;# 
   172  008C                     	;# 
   173  008D                     	;# 
   174  008E                     	;# 
   175  008F                     	;# 
   176  0090                     	;# 
   177  0091                     	;# 
   178  0092                     	;# 
   179  0093                     	;# 
   180  0093                     	;# 
   181  0093                     	;# 
   182  0094                     	;# 
   183  0095                     	;# 
   184  0096                     	;# 
   185  0097                     	;# 
   186  0098                     	;# 
   187  0099                     	;# 
   188  009A                     	;# 
   189  009B                     	;# 
   190  009C                     	;# 
   191  009D                     	;# 
   192  009E                     	;# 
   193  009F                     	;# 
   194  0105                     	;# 
   195  0107                     	;# 
   196  0108                     	;# 
   197  0109                     	;# 
   198  010C                     	;# 
   199  010C                     	;# 
   200  010D                     	;# 
   201  010E                     	;# 
   202  010F                     	;# 
   203  0185                     	;# 
   204  0187                     	;# 
   205  0188                     	;# 
   206  0189                     	;# 
   207  018C                     	;# 
   208  018D                     	;# 
   209  0009                     _PORTE	set	9
   210  0005                     _PORTA	set	5
   211  0008                     _PORTD	set	8
   212  0009                     _PORTEbits	set	9
   213  0006                     _PORTBbits	set	6
   214  000B                     _INTCONbits	set	11
   215  0007                     _PORTC	set	7
   216  001E                     _ADRESH	set	30
   217  001F                     _ADCON0bits	set	31
   218  000C                     _PIR1bits	set	12
   219  009F                     _ADCON1bits	set	159
   220  0095                     _WPUBbits	set	149
   221  0081                     _OPTION_REGbits	set	129
   222  0086                     _TRISBbits	set	134
   223  008C                     _PIE1bits	set	140
   224  0096                     _IOCBbits	set	150
   225  008F                     _OSCCONbits	set	143
   226  0089                     _TRISE	set	137
   227  0088                     _TRISD	set	136
   228  0087                     _TRISC	set	135
   229  0085                     _TRISA	set	133
   230  010C                     _EEDAT	set	268
   231  010D                     _EEADR	set	269
   232  018D                     _EECON2	set	397
   233  018C                     _EECON1bits	set	396
   234  0189                     _ANSELH	set	393
   235  0188                     _ANSEL	set	392
   236                           
   237                           	psect	cinit
   238  000F                     start_initialization:	
   239                           ; #config settings
   240                           
   241  000F                     __initialization:
   242                           
   243                           ; Clear objects allocated to COMMON
   244  000F  01F5               	clrf	__pbssCOMMON& (0+127)
   245  0010  01F6               	clrf	(__pbssCOMMON+1)& (0+127)
   246  0011  01F7               	clrf	(__pbssCOMMON+2)& (0+127)
   247  0012  01F8               	clrf	(__pbssCOMMON+3)& (0+127)
   248  0013                     end_of_initialization:	
   249                           ;End of C runtime variable initialization code
   250                           
   251  0013                     __end_of__initialization:
   252  0013  0183               	clrf	3
   253  0014  120A  118A  28B2   	ljmp	_main	;jump to C main() function
   254                           
   255                           	psect	bssCOMMON
   256  0075                     __pbssCOMMON:
   257  0075                     _dormir:
   258  0075                     	ds	2
   259  0077                     _address:
   260  0077                     	ds	1
   261  0078                     _poten:
   262  0078                     	ds	1
   263                           
   264                           	psect	cstackCOMMON
   265  0070                     __pcstackCOMMON:
   266  0070                     ?_write_EEPROM:
   267  0070                     ?_setup:	
   268                           ; 1 bytes @ 0x0
   269                           
   270  0070                     ?_read_EEPROM:	
   271                           ; 1 bytes @ 0x0
   272                           
   273  0070                     ?_isr:	
   274                           ; 1 bytes @ 0x0
   275                           
   276  0070                     ?_main:	
   277                           ; 1 bytes @ 0x0
   278                           
   279  0070                     write_EEPROM@data:	
   280                           ; 1 bytes @ 0x0
   281                           
   282                           
   283                           ; 1 bytes @ 0x0
   284  0070                     	ds	1
   285  0071                     ??_write_EEPROM:
   286  0071                     write_EEPROM@address:	
   287                           ; 1 bytes @ 0x1
   288                           
   289                           
   290                           ; 1 bytes @ 0x1
   291  0071                     	ds	1
   292  0072                     ??_isr:
   293                           
   294                           ; 1 bytes @ 0x2
   295  0072                     	ds	3
   296  0075                     ??_read_EEPROM:
   297                           
   298                           	psect	cstackBANK0
   299  0020                     __pcstackBANK0:	
   300                           ; 1 bytes @ 0x5
   301                           
   302  0020                     ??_setup:
   303  0020                     read_EEPROM@address:	
   304                           ; 1 bytes @ 0x0
   305                           
   306                           
   307                           ; 1 bytes @ 0x0
   308  0020                     	ds	1
   309  0021                     ??_main:
   310                           
   311                           ; 1 bytes @ 0x1
   312  0021                     	ds	1
   313                           
   314                           	psect	maintext
   315  00B2                     __pmaintext:	
   316 ;;
   317 ;;Main: autosize = 0, tempsize = 1, incstack = 0, save=0
   318 ;;
   319 ;; *************** function _main *****************
   320 ;; Defined at:
   321 ;;		line 75 in file "lab12.c"
   322 ;; Parameters:    Size  Location     Type
   323 ;;		None
   324 ;; Auto vars:     Size  Location     Type
   325 ;;		None
   326 ;; Return value:  Size  Location     Type
   327 ;;                  1    wreg      void 
   328 ;; Registers used:
   329 ;;		wreg, status,2, status,0, pclath, cstack
   330 ;; Tracked objects:
   331 ;;		On entry : B00/0
   332 ;;		On exit  : 0/0
   333 ;;		Unchanged: 0/0
   334 ;; Data sizes:     COMMON   BANK0   BANK1   BANK3   BANK2
   335 ;;      Params:         0       0       0       0       0
   336 ;;      Locals:         0       0       0       0       0
   337 ;;      Temps:          0       1       0       0       0
   338 ;;      Totals:         0       1       0       0       0
   339 ;;Total ram usage:        1 bytes
   340 ;; Hardware stack levels required when called: 3
   341 ;; This function calls:
   342 ;;		_read_EEPROM
   343 ;;		_setup
   344 ;; This function is called by:
   345 ;;		Startup code after reset
   346 ;; This function uses a non-reentrant model
   347 ;;
   348                           
   349  00B2                     _main:	
   350                           ;psect for function _main
   351                           
   352  00B2                     l924:	
   353                           ;incstack = 0
   354                           ; Regs used in _main: [wreg+status,2+status,0+pclath+cstack]
   355                           
   356                           
   357                           ;lab12.c: 77:     setup();
   358  00B2  120A  118A  2017  120A  118A  	fcall	_setup
   359  00B7                     l926:
   360                           
   361                           ;lab12.c: 80:         if (dormir == 0){
   362  00B7  0875               	movf	_dormir,w
   363  00B8  0476               	iorwf	_dormir+1,w
   364  00B9  1D03               	btfss	3,2
   365  00BA  28BC               	goto	u151
   366  00BB  28BD               	goto	u150
   367  00BC                     u151:
   368  00BC  28CB               	goto	l934
   369  00BD                     u150:
   370  00BD                     l928:
   371                           
   372                           ;lab12.c: 81:             if (ADCON0bits.GO == 0){
   373  00BD  1283               	bcf	3,5	;RP0=0, select bank0
   374  00BE  1303               	bcf	3,6	;RP1=0, select bank0
   375  00BF  189F               	btfsc	31,1	;volatile
   376  00C0  28C2               	goto	u161
   377  00C1  28C3               	goto	u160
   378  00C2                     u161:
   379  00C2  28CB               	goto	l934
   380  00C3                     u160:
   381  00C3                     l930:
   382                           
   383                           ;lab12.c: 82:                 ADCON0bits.GO = 1;
   384  00C3  149F               	bsf	31,1	;volatile
   385  00C4                     l932:
   386                           
   387                           ;lab12.c: 83:                 _delay((unsigned long)((40)*(1000000/4000000.0)));
   388  00C4  3002               	movlw	2
   389  00C5  1283               	bcf	3,5	;RP0=0, select bank0
   390  00C6  1303               	bcf	3,6	;RP1=0, select bank0
   391  00C7  00A1               	movwf	??_main
   392  00C8                     u177:
   393  00C8  0BA1               	decfsz	??_main,f
   394  00C9  28C8               	goto	u177
   395  00CA  0000               	nop
   396  00CB                     l934:
   397                           
   398                           ;lab12.c: 86:         PORTD = read_EEPROM(address);
   399  00CB  0877               	movf	_address,w
   400  00CC  120A  118A  20ED  120A  118A  	fcall	_read_EEPROM
   401  00D1  1283               	bcf	3,5	;RP0=0, select bank0
   402  00D2  1303               	bcf	3,6	;RP1=0, select bank0
   403  00D3  0088               	movwf	8	;volatile
   404  00D4  28B7               	goto	l926
   405  00D5  120A  118A  280C   	ljmp	start
   406  00D8                     __end_of_main:
   407                           
   408                           	psect	text1
   409  0017                     __ptext1:	
   410 ;; *************** function _setup *****************
   411 ;; Defined at:
   412 ;;		line 91 in file "lab12.c"
   413 ;; Parameters:    Size  Location     Type
   414 ;;		None
   415 ;; Auto vars:     Size  Location     Type
   416 ;;		None
   417 ;; Return value:  Size  Location     Type
   418 ;;                  1    wreg      void 
   419 ;; Registers used:
   420 ;;		wreg, status,2, status,0
   421 ;; Tracked objects:
   422 ;;		On entry : 0/0
   423 ;;		On exit  : 0/0
   424 ;;		Unchanged: 0/0
   425 ;; Data sizes:     COMMON   BANK0   BANK1   BANK3   BANK2
   426 ;;      Params:         0       0       0       0       0
   427 ;;      Locals:         0       0       0       0       0
   428 ;;      Temps:          0       1       0       0       0
   429 ;;      Totals:         0       1       0       0       0
   430 ;;Total ram usage:        1 bytes
   431 ;; Hardware stack levels used: 1
   432 ;; Hardware stack levels required when called: 2
   433 ;; This function calls:
   434 ;;		Nothing
   435 ;; This function is called by:
   436 ;;		_main
   437 ;; This function uses a non-reentrant model
   438 ;;
   439                           
   440  0017                     _setup:	
   441                           ;psect for function _setup
   442                           
   443  0017                     l860:	
   444                           ;incstack = 0
   445                           ; Regs used in _setup: [wreg+status,2+status,0]
   446                           
   447                           
   448                           ;lab12.c: 92:     ANSEL = 0b00000001;
   449  0017  3001               	movlw	1
   450  0018  1683               	bsf	3,5	;RP0=1, select bank3
   451  0019  1703               	bsf	3,6	;RP1=1, select bank3
   452  001A  0088               	movwf	8	;volatile
   453  001B                     l862:
   454                           
   455                           ;lab12.c: 93:     ANSELH = 0;
   456  001B  0189               	clrf	9	;volatile
   457  001C                     l864:
   458                           
   459                           ;lab12.c: 95:     TRISA = 0b00000001;
   460  001C  3001               	movlw	1
   461  001D  1683               	bsf	3,5	;RP0=1, select bank1
   462  001E  1303               	bcf	3,6	;RP1=0, select bank1
   463  001F  0085               	movwf	5	;volatile
   464                           
   465                           ;lab12.c: 96:     PORTA = 0;
   466  0020  1283               	bcf	3,5	;RP0=0, select bank0
   467  0021  1303               	bcf	3,6	;RP1=0, select bank0
   468  0022  0185               	clrf	5	;volatile
   469                           
   470                           ;lab12.c: 98:     TRISC = 0;
   471  0023  1683               	bsf	3,5	;RP0=1, select bank1
   472  0024  1303               	bcf	3,6	;RP1=0, select bank1
   473  0025  0187               	clrf	7	;volatile
   474                           
   475                           ;lab12.c: 99:     PORTC = 0;
   476  0026  1283               	bcf	3,5	;RP0=0, select bank0
   477  0027  1303               	bcf	3,6	;RP1=0, select bank0
   478  0028  0187               	clrf	7	;volatile
   479                           
   480                           ;lab12.c: 101:     TRISD = 0;
   481  0029  1683               	bsf	3,5	;RP0=1, select bank1
   482  002A  1303               	bcf	3,6	;RP1=0, select bank1
   483  002B  0188               	clrf	8	;volatile
   484                           
   485                           ;lab12.c: 102:     PORTD = 0;
   486  002C  1283               	bcf	3,5	;RP0=0, select bank0
   487  002D  1303               	bcf	3,6	;RP1=0, select bank0
   488  002E  0188               	clrf	8	;volatile
   489                           
   490                           ;lab12.c: 104:     TRISE = 0;
   491  002F  1683               	bsf	3,5	;RP0=1, select bank1
   492  0030  1303               	bcf	3,6	;RP1=0, select bank1
   493  0031  0189               	clrf	9	;volatile
   494                           
   495                           ;lab12.c: 105:     PORTE = 0;
   496  0032  1283               	bcf	3,5	;RP0=0, select bank0
   497  0033  1303               	bcf	3,6	;RP1=0, select bank0
   498  0034  0189               	clrf	9	;volatile
   499  0035                     l866:
   500                           
   501                           ;lab12.c: 108:     OSCCONbits.IRCF = 0b0100;
   502  0035  1683               	bsf	3,5	;RP0=1, select bank1
   503  0036  1303               	bcf	3,6	;RP1=0, select bank1
   504  0037  080F               	movf	15,w	;volatile
   505  0038  398F               	andlw	-113
   506  0039  3840               	iorlw	64
   507  003A  008F               	movwf	15	;volatile
   508  003B                     l868:
   509                           
   510                           ;lab12.c: 109:     OSCCONbits.SCS = 1;
   511  003B  140F               	bsf	15,0	;volatile
   512  003C                     l870:
   513                           
   514                           ;lab12.c: 112:     INTCONbits.GIE = 1;
   515  003C  178B               	bsf	11,7	;volatile
   516  003D                     l872:
   517                           
   518                           ;lab12.c: 113:     INTCONbits.PEIE = 1;
   519  003D  170B               	bsf	11,6	;volatile
   520  003E                     l874:
   521                           
   522                           ;lab12.c: 114:     INTCONbits.RBIE = 1;
   523  003E  158B               	bsf	11,3	;volatile
   524  003F                     l876:
   525                           
   526                           ;lab12.c: 115:     IOCBbits.IOCB0 = 1;
   527  003F  1416               	bsf	22,0	;volatile
   528  0040                     l878:
   529                           
   530                           ;lab12.c: 116:     IOCBbits.IOCB1 = 1;
   531  0040  1496               	bsf	22,1	;volatile
   532  0041                     l880:
   533                           
   534                           ;lab12.c: 117:     IOCBbits.IOCB2 = 1;
   535  0041  1516               	bsf	22,2	;volatile
   536  0042                     l882:
   537                           
   538                           ;lab12.c: 118:     INTCONbits.RBIF = 0;
   539  0042  100B               	bcf	11,0	;volatile
   540  0043                     l884:
   541                           
   542                           ;lab12.c: 119:     PIR1bits.ADIF = 0;
   543  0043  1283               	bcf	3,5	;RP0=0, select bank0
   544  0044  1303               	bcf	3,6	;RP1=0, select bank0
   545  0045  130C               	bcf	12,6	;volatile
   546  0046                     l886:
   547                           
   548                           ;lab12.c: 120:     PIE1bits.ADIE = 1;
   549  0046  1683               	bsf	3,5	;RP0=1, select bank1
   550  0047  1303               	bcf	3,6	;RP1=0, select bank1
   551  0048  170C               	bsf	12,6	;volatile
   552  0049                     l888:
   553                           
   554                           ;lab12.c: 123:     TRISBbits.TRISB0 = 1;
   555  0049  1406               	bsf	6,0	;volatile
   556  004A                     l890:
   557                           
   558                           ;lab12.c: 124:     TRISBbits.TRISB1 = 1;
   559  004A  1486               	bsf	6,1	;volatile
   560  004B                     l892:
   561                           
   562                           ;lab12.c: 125:     TRISBbits.TRISB2 = 1;
   563  004B  1506               	bsf	6,2	;volatile
   564  004C                     l894:
   565                           
   566                           ;lab12.c: 126:     OPTION_REGbits.nRBPU = 0;
   567  004C  1381               	bcf	1,7	;volatile
   568  004D                     l896:
   569                           
   570                           ;lab12.c: 127:     WPUBbits.WPUB0 = 1;
   571  004D  1415               	bsf	21,0	;volatile
   572  004E                     l898:
   573                           
   574                           ;lab12.c: 128:     WPUBbits.WPUB1 = 1;
   575  004E  1495               	bsf	21,1	;volatile
   576  004F                     l900:
   577                           
   578                           ;lab12.c: 129:     WPUBbits.WPUB2 = 1;
   579  004F  1515               	bsf	21,2	;volatile
   580  0050                     l902:
   581                           
   582                           ;lab12.c: 132:     ADCON0bits.ADCS = 0b01;
   583  0050  1283               	bcf	3,5	;RP0=0, select bank0
   584  0051  1303               	bcf	3,6	;RP1=0, select bank0
   585  0052  081F               	movf	31,w	;volatile
   586  0053  393F               	andlw	-193
   587  0054  3840               	iorlw	64
   588  0055  009F               	movwf	31	;volatile
   589  0056                     l904:
   590                           
   591                           ;lab12.c: 133:     ADCON1bits.VCFG0 = 0;
   592  0056  1683               	bsf	3,5	;RP0=1, select bank1
   593  0057  1303               	bcf	3,6	;RP1=0, select bank1
   594  0058  121F               	bcf	31,4	;volatile
   595  0059                     l906:
   596                           
   597                           ;lab12.c: 134:     ADCON1bits.VCFG1 = 0;
   598  0059  129F               	bcf	31,5	;volatile
   599  005A                     l908:
   600                           
   601                           ;lab12.c: 136:     ADCON0bits.CHS = 0b0000;
   602  005A  30C3               	movlw	-61
   603  005B  1283               	bcf	3,5	;RP0=0, select bank0
   604  005C  1303               	bcf	3,6	;RP1=0, select bank0
   605  005D  059F               	andwf	31,f	;volatile
   606  005E                     l910:
   607                           
   608                           ;lab12.c: 137:     ADCON1bits.ADFM = 0;
   609  005E  1683               	bsf	3,5	;RP0=1, select bank1
   610  005F  1303               	bcf	3,6	;RP1=0, select bank1
   611  0060  139F               	bcf	31,7	;volatile
   612  0061                     l912:
   613                           
   614                           ;lab12.c: 138:     ADCON0bits.ADON = 1;
   615  0061  1283               	bcf	3,5	;RP0=0, select bank0
   616  0062  1303               	bcf	3,6	;RP1=0, select bank0
   617  0063  141F               	bsf	31,0	;volatile
   618  0064                     l914:
   619                           
   620                           ;lab12.c: 139:     _delay((unsigned long)((40)*(1000000/4000000.0)));
   621  0064  3002               	movlw	2
   622  0065  1283               	bcf	3,5	;RP0=0, select bank0
   623  0066  1303               	bcf	3,6	;RP1=0, select bank0
   624  0067  00A0               	movwf	??_setup
   625  0068                     u187:
   626  0068  0BA0               	decfsz	??_setup,f
   627  0069  2868               	goto	u187
   628  006A  0000               	nop
   629  006B                     l94:
   630  006B  0008               	return
   631  006C                     __end_of_setup:
   632                           
   633                           	psect	text2
   634  00ED                     __ptext2:	
   635 ;; *************** function _read_EEPROM *****************
   636 ;; Defined at:
   637 ;;		line 142 in file "lab12.c"
   638 ;; Parameters:    Size  Location     Type
   639 ;;  address         1    wreg     unsigned char 
   640 ;; Auto vars:     Size  Location     Type
   641 ;;  address         1    0[BANK0 ] unsigned char 
   642 ;; Return value:  Size  Location     Type
   643 ;;                  1    wreg      unsigned char 
   644 ;; Registers used:
   645 ;;		wreg
   646 ;; Tracked objects:
   647 ;;		On entry : 0/0
   648 ;;		On exit  : 0/0
   649 ;;		Unchanged: 0/0
   650 ;; Data sizes:     COMMON   BANK0   BANK1   BANK3   BANK2
   651 ;;      Params:         0       0       0       0       0
   652 ;;      Locals:         0       1       0       0       0
   653 ;;      Temps:          0       0       0       0       0
   654 ;;      Totals:         0       1       0       0       0
   655 ;;Total ram usage:        1 bytes
   656 ;; Hardware stack levels used: 1
   657 ;; Hardware stack levels required when called: 2
   658 ;; This function calls:
   659 ;;		Nothing
   660 ;; This function is called by:
   661 ;;		_main
   662 ;; This function uses a non-reentrant model
   663 ;;
   664                           
   665  00ED                     _read_EEPROM:	
   666                           ;psect for function _read_EEPROM
   667                           
   668                           
   669                           ;incstack = 0
   670                           ; Regs used in _read_EEPROM: [wreg]
   671                           ;read_EEPROM@address stored from wreg
   672  00ED  1283               	bcf	3,5	;RP0=0, select bank0
   673  00EE  1303               	bcf	3,6	;RP1=0, select bank0
   674  00EF  00A0               	movwf	read_EEPROM@address
   675  00F0                     l916:
   676                           
   677                           ;lab12.c: 143:     EEADR = address;
   678  00F0  0820               	movf	read_EEPROM@address,w
   679  00F1  1283               	bcf	3,5	;RP0=0, select bank2
   680  00F2  1703               	bsf	3,6	;RP1=1, select bank2
   681  00F3  008D               	movwf	13	;volatile
   682  00F4                     l918:
   683                           
   684                           ;lab12.c: 144:     EECON1bits.EEPGD = 0;
   685  00F4  1683               	bsf	3,5	;RP0=1, select bank3
   686  00F5  1703               	bsf	3,6	;RP1=1, select bank3
   687  00F6  138C               	bcf	12,7	;volsfr
   688  00F7                     l920:
   689                           
   690                           ;lab12.c: 145:     EECON1bits.RD = 1;
   691  00F7  140C               	bsf	12,0	;volsfr
   692                           
   693                           ;lab12.c: 146:     return EEDAT;
   694  00F8  1283               	bcf	3,5	;RP0=0, select bank2
   695  00F9  1703               	bsf	3,6	;RP1=1, select bank2
   696  00FA  080C               	movf	12,w	;volatile
   697  00FB                     l97:
   698  00FB  0008               	return
   699  00FC                     __end_of_read_EEPROM:
   700                           
   701                           	psect	text3
   702  006C                     __ptext3:	
   703 ;; *************** function _isr *****************
   704 ;; Defined at:
   705 ;;		line 43 in file "lab12.c"
   706 ;; Parameters:    Size  Location     Type
   707 ;;		None
   708 ;; Auto vars:     Size  Location     Type
   709 ;;		None
   710 ;; Return value:  Size  Location     Type
   711 ;;                  1    wreg      void 
   712 ;; Registers used:
   713 ;;		wreg, status,2, status,0, pclath, cstack
   714 ;; Tracked objects:
   715 ;;		On entry : 0/0
   716 ;;		On exit  : 0/0
   717 ;;		Unchanged: 0/0
   718 ;; Data sizes:     COMMON   BANK0   BANK1   BANK3   BANK2
   719 ;;      Params:         0       0       0       0       0
   720 ;;      Locals:         0       0       0       0       0
   721 ;;      Temps:          3       0       0       0       0
   722 ;;      Totals:         3       0       0       0       0
   723 ;;Total ram usage:        3 bytes
   724 ;; Hardware stack levels used: 1
   725 ;; Hardware stack levels required when called: 1
   726 ;; This function calls:
   727 ;;		_write_EEPROM
   728 ;; This function is called by:
   729 ;;		Interrupt level 1
   730 ;; This function uses a non-reentrant model
   731 ;;
   732                           
   733  006C                     _isr:	
   734                           ;psect for function _isr
   735                           
   736  006C                     i1l830:
   737                           
   738                           ;lab12.c: 45:     if (PIR1bits.ADIF){
   739  006C  1283               	bcf	3,5	;RP0=0, select bank0
   740  006D  1303               	bcf	3,6	;RP1=0, select bank0
   741  006E  1F0C               	btfss	12,6	;volatile
   742  006F  2871               	goto	u9_21
   743  0070  2872               	goto	u9_20
   744  0071                     u9_21:
   745  0071  2882               	goto	i1l838
   746  0072                     u9_20:
   747  0072                     i1l832:
   748                           
   749                           ;lab12.c: 46:         if (ADCON0bits.CHS == 0){
   750  0072  0C1F               	rrf	31,w	;volatile
   751  0073  00F2               	movwf	??_isr
   752  0074  0C72               	rrf	??_isr,w
   753  0075  390F               	andlw	15
   754  0076  3A00               	xorlw	0
   755  0077  1D03               	skipz
   756  0078  287A               	goto	u10_21
   757  0079  287B               	goto	u10_20
   758  007A                     u10_21:
   759  007A  2881               	goto	i1l836
   760  007B                     u10_20:
   761  007B                     i1l834:
   762                           
   763                           ;lab12.c: 47:            poten = ADRESH;
   764  007B  081E               	movf	30,w	;volatile
   765  007C  00F2               	movwf	??_isr
   766  007D  0872               	movf	??_isr,w
   767  007E  00F8               	movwf	_poten
   768                           
   769                           ;lab12.c: 48:            PORTC = poten;
   770  007F  0878               	movf	_poten,w
   771  0080  0087               	movwf	7	;volatile
   772  0081                     i1l836:
   773                           
   774                           ;lab12.c: 50:         PIR1bits.ADIF = 0;
   775  0081  130C               	bcf	12,6	;volatile
   776  0082                     i1l838:
   777                           
   778                           ;lab12.c: 53:     if (INTCONbits.RBIF){
   779  0082  1C0B               	btfss	11,0	;volatile
   780  0083  2885               	goto	u11_21
   781  0084  2886               	goto	u11_20
   782  0085                     u11_21:
   783  0085  28AB               	goto	i1l81
   784  0086                     u11_20:
   785  0086                     i1l840:
   786                           
   787                           ;lab12.c: 54:         if (PORTBbits.RB0 == 0){
   788  0086  1806               	btfsc	6,0	;volatile
   789  0087  2889               	goto	u12_21
   790  0088  288A               	goto	u12_20
   791  0089                     u12_21:
   792  0089  288E               	goto	i1l76
   793  008A                     u12_20:
   794  008A                     i1l842:
   795                           
   796                           ;lab12.c: 55:             dormir = 0;
   797  008A  01F5               	clrf	_dormir
   798  008B  01F6               	clrf	_dormir+1
   799  008C                     i1l844:
   800                           
   801                           ;lab12.c: 56:             PORTEbits.RE0 = 0;
   802  008C  1009               	bcf	9,0	;volatile
   803                           
   804                           ;lab12.c: 57:         }
   805  008D  28AA               	goto	i1l856
   806  008E                     i1l76:	
   807                           ;lab12.c: 58:         else if (PORTBbits.RB1 == 0){
   808                           
   809  008E  1886               	btfsc	6,1	;volatile
   810  008F  2891               	goto	u13_21
   811  0090  2892               	goto	u13_20
   812  0091                     u13_21:
   813  0091  2899               	goto	i1l78
   814  0092                     u13_20:
   815  0092                     i1l846:
   816                           
   817                           ;lab12.c: 59:             dormir = 1;
   818  0092  3001               	movlw	1
   819  0093  00F5               	movwf	_dormir
   820  0094  3000               	movlw	0
   821  0095  00F6               	movwf	_dormir+1
   822  0096                     i1l848:
   823                           
   824                           ;lab12.c: 60:             PORTEbits.RE0 = 1;
   825  0096  1409               	bsf	9,0	;volatile
   826  0097  0063               	sleep	;# 
   827                           
   828                           ;lab12.c: 62:         }
   829  0098  28AA               	goto	i1l856
   830  0099                     i1l78:	
   831                           ;lab12.c: 63:         else if (PORTBbits.RB2 == 0){
   832                           
   833  0099  1906               	btfsc	6,2	;volatile
   834  009A  289C               	goto	u14_21
   835  009B  289D               	goto	u14_20
   836  009C                     u14_21:
   837  009C  28AA               	goto	i1l856
   838  009D                     u14_20:
   839  009D                     i1l850:
   840                           
   841                           ;lab12.c: 64:             dormir = 0;
   842  009D  01F5               	clrf	_dormir
   843  009E  01F6               	clrf	_dormir+1
   844  009F                     i1l852:
   845                           
   846                           ;lab12.c: 65:             PORTEbits.RE0 = 0;
   847  009F  1009               	bcf	9,0	;volatile
   848  00A0                     i1l854:
   849                           
   850                           ;lab12.c: 66:             write_EEPROM(address, poten);
   851  00A0  0878               	movf	_poten,w
   852  00A1  00F2               	movwf	??_isr
   853  00A2  0872               	movf	??_isr,w
   854  00A3  00F0               	movwf	write_EEPROM@data
   855  00A4  0877               	movf	_address,w
   856  00A5  120A  118A  20D8  120A  118A  	fcall	_write_EEPROM
   857  00AA                     i1l856:
   858                           
   859                           ;lab12.c: 68:         INTCONbits.RBIF = 0;
   860  00AA  100B               	bcf	11,0	;volatile
   861  00AB                     i1l81:
   862  00AB  0874               	movf	??_isr+2,w
   863  00AC  008A               	movwf	10
   864  00AD  0E73               	swapf	??_isr+1,w
   865  00AE  0083               	movwf	3
   866  00AF  0EFE               	swapf	btemp,f
   867  00B0  0E7E               	swapf	btemp,w
   868  00B1  0009               	retfie
   869  00B2                     __end_of_isr:
   870                           
   871                           	psect	intentry
   872  0004                     __pintentry:	
   873                           ;incstack = 0
   874                           ; Regs used in _isr: [wreg+status,2+status,0+pclath+cstack]
   875                           
   876  0004                     interrupt_function:
   877  007E                     saved_w	set	btemp
   878  0004  00FE               	movwf	btemp
   879  0005  0E03               	swapf	3,w
   880  0006  00F3               	movwf	??_isr+1
   881  0007  080A               	movf	10,w
   882  0008  00F4               	movwf	??_isr+2
   883  0009  120A  118A  286C   	ljmp	_isr
   884                           
   885                           	psect	text4
   886  00D8                     __ptext4:	
   887 ;; *************** function _write_EEPROM *****************
   888 ;; Defined at:
   889 ;;		line 149 in file "lab12.c"
   890 ;; Parameters:    Size  Location     Type
   891 ;;  address         1    wreg     unsigned char 
   892 ;;  data            1    0[COMMON] unsigned char 
   893 ;; Auto vars:     Size  Location     Type
   894 ;;  address         1    1[COMMON] unsigned char 
   895 ;; Return value:  Size  Location     Type
   896 ;;                  1    wreg      void 
   897 ;; Registers used:
   898 ;;		wreg
   899 ;; Tracked objects:
   900 ;;		On entry : 0/0
   901 ;;		On exit  : 0/0
   902 ;;		Unchanged: 0/0
   903 ;; Data sizes:     COMMON   BANK0   BANK1   BANK3   BANK2
   904 ;;      Params:         1       0       0       0       0
   905 ;;      Locals:         1       0       0       0       0
   906 ;;      Temps:          0       0       0       0       0
   907 ;;      Totals:         2       0       0       0       0
   908 ;;Total ram usage:        2 bytes
   909 ;; Hardware stack levels used: 1
   910 ;; This function calls:
   911 ;;		Nothing
   912 ;; This function is called by:
   913 ;;		_isr
   914 ;; This function uses a non-reentrant model
   915 ;;
   916                           
   917  00D8                     _write_EEPROM:	
   918                           ;psect for function _write_EEPROM
   919                           
   920                           
   921                           ;incstack = 0
   922                           ; Regs used in _write_EEPROM: [wreg]
   923                           ;write_EEPROM@address stored from wreg
   924  00D8  00F1               	movwf	write_EEPROM@address
   925  00D9                     i1l814:
   926                           
   927                           ;lab12.c: 150:     EEADR = address;
   928  00D9  0871               	movf	write_EEPROM@address,w
   929  00DA  1283               	bcf	3,5	;RP0=0, select bank2
   930  00DB  1703               	bsf	3,6	;RP1=1, select bank2
   931  00DC  008D               	movwf	13	;volatile
   932                           
   933                           ;lab12.c: 151:     EEDAT = data;
   934  00DD  0870               	movf	write_EEPROM@data,w
   935  00DE  008C               	movwf	12	;volatile
   936  00DF                     i1l816:
   937                           
   938                           ;lab12.c: 152:     EECON1bits.EEPGD = 0;
   939  00DF  1683               	bsf	3,5	;RP0=1, select bank3
   940  00E0  1703               	bsf	3,6	;RP1=1, select bank3
   941  00E1  138C               	bcf	12,7	;volsfr
   942  00E2                     i1l818:
   943                           
   944                           ;lab12.c: 153:     EECON1bits.WREN = 1;
   945  00E2  150C               	bsf	12,2	;volsfr
   946  00E3                     i1l820:
   947                           
   948                           ;lab12.c: 155:     INTCONbits.GIE = 0;
   949  00E3  138B               	bcf	11,7	;volatile
   950                           
   951                           ;lab12.c: 156:     EECON2 = 0x55;
   952  00E4  3055               	movlw	85
   953  00E5  008D               	movwf	13	;volsfr
   954                           
   955                           ;lab12.c: 157:     EECON2 = 0xAA;
   956  00E6  30AA               	movlw	170
   957  00E7  008D               	movwf	13	;volsfr
   958  00E8                     i1l822:
   959                           
   960                           ;lab12.c: 159:     EECON1bits.WR = 1;
   961  00E8  148C               	bsf	12,1	;volsfr
   962  00E9                     i1l824:
   963                           
   964                           ;lab12.c: 161:     EECON1bits.WREN = 0;
   965  00E9  110C               	bcf	12,2	;volsfr
   966  00EA                     i1l826:
   967                           
   968                           ;lab12.c: 162:     INTCONbits.RBIF = 0;
   969  00EA  100B               	bcf	11,0	;volatile
   970  00EB                     i1l828:
   971                           
   972                           ;lab12.c: 163:     INTCONbits.GIE = 1;
   973  00EB  178B               	bsf	11,7	;volatile
   974  00EC                     i1l100:
   975  00EC  0008               	return
   976  00ED                     __end_of_write_EEPROM:
   977  007E                     btemp	set	126	;btemp
   978  007E                     wtemp0	set	126
   979                           
   980                           	psect	idloc
   981                           
   982                           ;Config register IDLOC0 @ 0x2000
   983                           ;	unspecified, using default values
   984  2000                     	org	8192
   985  2000  3FFF               	dw	16383
   986                           
   987                           ;Config register IDLOC1 @ 0x2001
   988                           ;	unspecified, using default values
   989  2001                     	org	8193
   990  2001  3FFF               	dw	16383
   991                           
   992                           ;Config register IDLOC2 @ 0x2002
   993                           ;	unspecified, using default values
   994  2002                     	org	8194
   995  2002  3FFF               	dw	16383
   996                           
   997                           ;Config register IDLOC3 @ 0x2003
   998                           ;	unspecified, using default values
   999  2003                     	org	8195
  1000  2003  3FFF               	dw	16383
  1001                           
  1002                           	psect	config
  1003                           
  1004                           ;Config register CONFIG1 @ 0x2007
  1005                           ;	Oscillator Selection bits
  1006                           ;	FOSC = INTRC_NOCLKOUT, INTOSCIO oscillator: I/O function on RA6/OSC2/CLKOUT pin, I/O f
      +                          unction on RA7/OSC1/CLKIN
  1007                           ;	Watchdog Timer Enable bit
  1008                           ;	WDTE = OFF, WDT disabled and can be enabled by SWDTEN bit of the WDTCON register
  1009                           ;	Power-up Timer Enable bit
  1010                           ;	PWRTE = OFF, PWRT disabled
  1011                           ;	RE3/MCLR pin function select bit
  1012                           ;	MCLRE = OFF, RE3/MCLR pin function is digital input, MCLR internally tied to VDD
  1013                           ;	Code Protection bit
  1014                           ;	CP = OFF, Program memory code protection is disabled
  1015                           ;	Data Code Protection bit
  1016                           ;	CPD = OFF, Data memory code protection is disabled
  1017                           ;	Brown Out Reset Selection bits
  1018                           ;	BOREN = OFF, BOR disabled
  1019                           ;	Internal External Switchover bit
  1020                           ;	IESO = OFF, Internal/External Switchover mode is disabled
  1021                           ;	Fail-Safe Clock Monitor Enabled bit
  1022                           ;	FCMEN = OFF, Fail-Safe Clock Monitor is disabled
  1023                           ;	Low Voltage Programming Enable bit
  1024                           ;	LVP = OFF, RB3 pin has digital I/O, HV on MCLR must be used for programming
  1025                           ;	In-Circuit Debugger Mode bit
  1026                           ;	DEBUG = 0x1, unprogrammed default
  1027  2007                     	org	8199
  1028  2007  20D4               	dw	8404
  1029                           
  1030                           ;Config register CONFIG2 @ 0x2008
  1031                           ;	Brown-out Reset Selection bit
  1032                           ;	BOR4V = BOR40V, Brown-out Reset set to 4.0V
  1033                           ;	Flash Program Memory Self Write Enable bits
  1034                           ;	WRT = OFF, Write protection off
  1035  2008                     	org	8200
  1036  2008  3FFF               	dw	16383

Data Sizes:
    Strings     0
    Constant    0
    Data        0
    BSS         4
    Persistent  0
    Stack       0

Auto Spaces:
    Space          Size  Autos    Used
    COMMON           14      5       9
    BANK0            80      2       2
    BANK1            80      0       0
    BANK3            96      0       0
    BANK2            96      0       0

Pointer List with Targets:

    None.

Critical Paths under _main in COMMON

    None.

Critical Paths under _isr in COMMON

    _isr->_write_EEPROM

Critical Paths under _main in BANK0

    _main->_read_EEPROM
    _main->_setup

Critical Paths under _isr in BANK0

    None.

Critical Paths under _main in BANK1

    None.

Critical Paths under _isr in BANK1

    None.

Critical Paths under _main in BANK3

    None.

Critical Paths under _isr in BANK3

    None.

Critical Paths under _main in BANK2

    None.

Critical Paths under _isr in BANK2

    None.

Call Graph Tables:

 ---------------------------------------------------------------------------------
 (Depth) Function   	        Calls       Base Space   Used Autos Params    Refs
 ---------------------------------------------------------------------------------
 (0) _main                                                 1     1      0      22
                                              1 BANK0      1     1      0
                        _read_EEPROM
                              _setup
 ---------------------------------------------------------------------------------
 (1) _setup                                                1     1      0       0
                                              0 BANK0      1     1      0
 ---------------------------------------------------------------------------------
 (1) _read_EEPROM                                          1     1      0      22
                                              0 BANK0      1     1      0
 ---------------------------------------------------------------------------------
 Estimated maximum stack depth 1
 ---------------------------------------------------------------------------------
 (Depth) Function   	        Calls       Base Space   Used Autos Params    Refs
 ---------------------------------------------------------------------------------
 (2) _isr                                                  3     3      0     120
                                              2 COMMON     3     3      0
                       _write_EEPROM
 ---------------------------------------------------------------------------------
 (3) _write_EEPROM                                         2     1      1     120
                                              0 COMMON     2     1      1
 ---------------------------------------------------------------------------------
 Estimated maximum stack depth 3
 ---------------------------------------------------------------------------------

 Call Graph Graphs:

 _main (ROOT)
   _read_EEPROM
   _setup

 _isr (ROOT)
   _write_EEPROM

 Address spaces:
Name               Size   Autos  Total    Cost      Usage
BITCOMMON            E      0       0       0        0.0%
EEDATA             100      0       0       0        0.0%
NULL                 0      0       0       0        0.0%
CODE                 0      0       0       0        0.0%
COMMON               E      5       9       1       64.3%
BITSFR0              0      0       0       1        0.0%
SFR0                 0      0       0       1        0.0%
BITSFR1              0      0       0       2        0.0%
SFR1                 0      0       0       2        0.0%
STACK                0      0       0       2        0.0%
ABS                  0      0       B       3        0.0%
BITBANK0            50      0       0       4        0.0%
BITSFR3              0      0       0       4        0.0%
SFR3                 0      0       0       4        0.0%
BANK0               50      2       2       5        2.5%
BITSFR2              0      0       0       5        0.0%
SFR2                 0      0       0       5        0.0%
BITBANK1            50      0       0       6        0.0%
BANK1               50      0       0       7        0.0%
BITBANK3            60      0       0       8        0.0%
BANK3               60      0       0       9        0.0%
BITBANK2            60      0       0      10        0.0%
BANK2               60      0       0      11        0.0%
DATA                 0      0       B      12        0.0%


Microchip Technology PIC Macro Assembler V2.35 build 20211206165544 
Symbol Table                                                                                   Wed May 18 16:01:58 2022

                     l94 006B                       l97 00FB                      l900 004F  
                    l910 005E                      l902 0050                      l920 00F7  
                    l912 0061                      l904 0056                      l914 0064  
                    l906 0059                      l930 00C3                      l916 00F0  
                    l908 005A                      l860 0017                      l932 00C4  
                    l924 00B2                      l918 00F4                      l870 003C  
                    l862 001B                      l934 00CB                      l926 00B7  
                    l880 0041                      l872 003D                      l864 001C  
                    l928 00BD                      l890 004A                      l882 0042  
                    l874 003E                      l866 0035                      l892 004B  
                    l884 0043                      l876 003F                      l868 003B  
                    l894 004C                      l886 0046                      l878 0040  
                    l896 004D                      l888 0049                      l898 004E  
                    u150 00BD                      u151 00BC                      u160 00C3  
                    u161 00C2                      u177 00C8                      u187 0068  
                    _isr 006C                     ?_isr 0070                     i1l81 00AB  
                   i1l76 008E                     i1l78 0099                     u9_20 0072  
                   u9_21 0071                     _main 00B2                     btemp 007E  
                   start 000C             ?_read_EEPROM 0070                    ??_isr 0072  
                  ?_main 0070                    _EEADR 010D                    _EEDAT 010C  
                  _ANSEL 0188                    i1l100 00EC                    i1l820 00E3  
                  i1l822 00E8                    i1l814 00D9                    i1l830 006C  
                  i1l824 00E9                    i1l816 00DF                    i1l840 0086  
                  i1l832 0072                    i1l826 00EA                    i1l818 00E2  
                  i1l850 009D                    i1l842 008A                    i1l834 007B  
                  i1l828 00EB                    i1l852 009F                    i1l844 008C  
                  i1l836 0081                    i1l854 00A0                    i1l846 0092  
                  i1l838 0082                    i1l848 0096                    i1l856 00AA  
                  u10_20 007B                    u10_21 007A                    u11_20 0086  
                  u11_21 0085                    u12_20 008A                    u12_21 0089  
                  u13_20 0092                    u13_21 0091                    u14_20 009D  
                  u14_21 009C                    _PORTA 0005                    _PORTC 0007  
                  _PORTD 0008                    _PORTE 0009                    _TRISA 0085  
                  _TRISC 0087                    _TRISD 0088                    _TRISE 0089  
                  _poten 0078                    _setup 0017                    pclath 000A  
                  status 0003                    wtemp0 007E          __initialization 000F  
           __end_of_main 00D8                   ??_main 0021             _write_EEPROM 00D8  
                 _ADRESH 001E                   _EECON2 018D                   ?_setup 0070  
                 _ANSELH 0189                   _dormir 0075                   saved_w 007E  
__end_of__initialization 0013           __pcstackCOMMON 0070            __end_of_setup 006C  
     read_EEPROM@address 0020           _OPTION_REGbits 0081         write_EEPROM@data 0070  
                ??_setup 0020               __pmaintext 00B2               __pintentry 0004  
                _address 0077                  __ptext1 0017                  __ptext2 00ED  
                __ptext3 006C                  __ptext4 00D8     end_of_initialization 0013  
    write_EEPROM@address 0071                _PORTBbits 0006                _PORTEbits 0009  
              _TRISBbits 0086      start_initialization 000F              __end_of_isr 00B2  
          ??_read_EEPROM 0075              __pbssCOMMON 0075                ___latbits 0002  
          __pcstackBANK0 0020      __end_of_read_EEPROM 00FC            ?_write_EEPROM 0070  
      interrupt_function 0004                 _IOCBbits 0096                 _PIE1bits 008C  
               _PIR1bits 000C               _ADCON0bits 001F               _ADCON1bits 009F  
         ??_write_EEPROM 0071                 _WPUBbits 0095               _EECON1bits 018C  
            _read_EEPROM 00ED               _INTCONbits 000B                 intlevel1 0000  
   __end_of_write_EEPROM 00ED               _OSCCONbits 008F  
